<?xml version="1.0" encoding="UTF-8"?>
<!-- Generated by org.testng.reporters.JUnitReportReporter -->
<testsuite hostname="emerald-2.local" failures="0" tests="2" name="testcase.Smoketest" time="289.235" errors="0" timestamp="2024-05-29T13:37:28 IST" skipped="0">
  <testcase classname="testcase.Smoketest" name="New_Contract_Template_Creation" time="182.829"/>
  <system-out/>
  <testcase classname="testcase.Smoketest" name="Add_new_contract_to_customer" time="106.406"/>
  <system-out/>
</testsuite> <!-- testcase.Smoketest -->
