<?xml version="1.0" encoding="UTF-8"?>
<!-- Generated by org.testng.reporters.JUnitReportReporter -->
<testsuite hostname="emerald-2.local" failures="0" tests="23" name="testcase.KSmoke" time="1064.076" errors="0" timestamp="2024-05-29T19:42:01 IST" skipped="0">
  <testcase classname="testcase.KSmoke" name="Add_Customer" time="26.436"/>
  <system-out/>
  <testcase classname="testcase.KSmoke" name="Asset" time="13.485"/>
  <system-out/>
  <testcase classname="testcase.KSmoke" name="Contract_Creation_for_Customer" time="131.873"/>
  <system-out/>
  <testcase classname="testcase.KSmoke" name="Add_job_Prefinal" time="47.499"/>
  <system-out/>
  <testcase classname="testcase.KSmoke" name="Asset_to_new_customer" time="16.834"/>
  <system-out/>
  <testcase classname="testcase.KSmoke" name="Add_job_Final_Complete" time="41.252"/>
  <system-out/>
  <testcase classname="testcase.KSmoke" name="Addjob_NoRules" time="33.535"/>
  <system-out/>
  <testcase classname="testcase.KSmoke" name="Addjob_NoRules_Adddtional" time="35.053"/>
  <system-out/>
  <testcase classname="testcase.KSmoke" name="Estimate_Accept" time="55.260"/>
  <system-out/>
  <testcase classname="testcase.KSmoke" name="Estimate_Reject" time="47.463"/>
  <system-out/>
  <testcase classname="testcase.KSmoke" name="Addjob_NoRules_DiaryEvent" time="37.552"/>
  <system-out/>
  <testcase classname="testcase.KSmoke" name="Addpayment_job" time="35.083"/>
  <system-out/>
  <testcase classname="testcase.KSmoke" name="Workaddress_Add" time="27.073"/>
  <system-out/>
  <testcase classname="testcase.KSmoke" name="Asset_to_WA" time="13.077"/>
  <system-out/>
  <testcase classname="testcase.KSmoke" name="New_Contract_Template_Creation" time="177.598"/>
  <system-out/>
  <testcase classname="testcase.KSmoke" name="Add_new_contract_to_customer" time="152.306"/>
  <system-out/>
  <testcase classname="testcase.KSmoke" name="Verification_on_Contract_creation" time="25.409"/>
  <system-out/>
  <testcase classname="testcase.KSmoke" name="Verification_on_Contract_Activation" time="24.568"/>
  <system-out/>
  <testcase classname="testcase.KSmoke" name="Verification_on_Contract_Communication" time="24.607"/>
  <system-out/>
  <testcase classname="testcase.KSmoke" name="Verification_on_Contract_Invoice" time="24.821"/>
  <system-out/>
  <testcase classname="testcase.KSmoke" name="Verification_on_Contract_Invoice_Email" time="24.882"/>
  <system-out/>
  <testcase classname="testcase.KSmoke" name="Verification_on_Contract_Reminder_Email" time="24.420"/>
  <system-out/>
  <testcase classname="testcase.KSmoke" name="Verification_on_Contract_Jobs_created" time="23.990"/>
  <system-out/>
</testsuite> <!-- testcase.KSmoke -->
